<?xml version="1.0" encoding="UTF-8"?>
<testng-results ignored="0" total="0" passed="0" failed="0" skipped="0">
  <reporter-output>
  </reporter-output>
  <suite started-at="2021-10-05T12:06:56 AEDT" name="Surefire suite" finished-at="2021-10-05T12:08:27 AEDT" duration-ms="91885">
    <groups>
    </groups>
    <test started-at="2021-10-05T12:06:56 AEDT" name="Surefire test" finished-at="2021-10-05T12:08:27 AEDT" duration-ms="91885">
    </test> <!-- Surefire test -->
  </suite> <!-- Surefire suite -->
</testng-results>
